Arguments: 
  C:\Program Files\nodejs\node.exe C:\Users\sanja\AppData\Roaming\npm\node_modules\yarn\bin\yarn.js add cloduinary

PATH: 
  C:\Program Files\Common Files\Oracle\Java\javapath;C:\Python310\Scripts\;C:\Python310\;C:\Windows\system32;C:\Windows;C:\Windows\System32\Wbem;C:\Windows\System32\WindowsPowerShell\v1.0\;C:\Windows\System32\OpenSSH\;C:\MinGW\bin;C:\Program Files\nodejs\;C:\ProgramData\chocolatey\bin;C:\Program Files\Git\cmd;C:\Program Files\MongoDB\Server\6.0\bin;C:\Program Files\heroku\bin;C:\Program Files\dotnet\;C:\Program Files\Microsoft SQL Server\150\Tools\Binn\;C:\Program Files\Microsoft SQL Server\Client SDK\ODBC\170\Tools\Binn\;C:\Users\sanja\AppData\Local\Microsoft\WindowsApps;C:\Users\sanja\AppData\Local\Programs\Microsoft VS Code\bin;C:\Users\sanja\AppData\Roaming\npm;C:\Users\sanja\AppData\Local\GitHubDesktop\bin;C:\ProgramData\sanja\GitHubDesktop\bin;D:\Web Development\MERN Stack\Tiktok\heroku\bin;C:\Program Files\Azure Data Studio\bin;C:\Users\sanja\.dotnet\tools;C:\adb;C:\Users\sanja\AppData\Local\Microsoft\WindowsApps;C:\Users\sanja\AppData\Local\Programs\Microsoft VS Code\bin;C:\MinGW\bin;C:\Users\sanja\AppData\Roaming\npm;C:\Users\sanja\AppData\Local\GitHubDesktop\bin;C:\ProgramData\sanja\GitHubDesktop\bin;C:\Program Files\MongoDB\Server\6.0\bin;C:\Program Files\heroku\bin;D:\Web Development\MERN Stack\Tiktok\heroku\bin;C:\Program Files\Azure Data Studio\bin;C:\Users\sanja\.dotnet\tools;C:\Program Files\JetBrains\IntelliJ IDEA Community Edition 2022.3.3\bin;

Yarn version: 
  1.22.19

Node version: 
  16.14.2

Platform: 
  win32 x64

Trace: 
  Error: https://registry.yarnpkg.com/cloduinary: Not found
      at Request.params.callback [as _callback] (C:\Users\sanja\AppData\Roaming\npm\node_modules\yarn\lib\cli.js:66145:18)
      at Request.self.callback (C:\Users\sanja\AppData\Roaming\npm\node_modules\yarn\lib\cli.js:140890:22)
      at Request.emit (node:events:526:28)
      at Request.<anonymous> (C:\Users\sanja\AppData\Roaming\npm\node_modules\yarn\lib\cli.js:141862:10)
      at Request.emit (node:events:526:28)
      at IncomingMessage.<anonymous> (C:\Users\sanja\AppData\Roaming\npm\node_modules\yarn\lib\cli.js:141784:12)
      at Object.onceWrapper (node:events:645:28)
      at IncomingMessage.emit (node:events:538:35)
      at endReadableNT (node:internal/streams/readable:1345:12)
      at processTicksAndRejections (node:internal/process/task_queues:83:21)

npm manifest: 
  No manifest

yarn manifest: 
  No manifest

Lockfile: 
  No lockfile
